---------------------------------------------------------------
[ 2018-10-05T10:09:30+08:00 ] 127.0.0.1 GET /index/product/index.html
[ info ] leqiubaobeipc.localhost.com/index/product/index.html [运行时间：0.914052s][吞吐率：1.09req/s] [内存消耗：5,705.70kb] [文件加载：73]
[ info ] [ BEHAVIOR ] Run Closure @app_init [ RunTime:0.000000s ]
[ info ] [ CACHE ] INIT File
[ info ] [ BEHAVIOR ] Run Closure @app_init [ RunTime:0.050003s ]
[ info ] [ LANG ] E:\PHPTools\www\leqiubaobeipc\thinkphp\lang\zh-cn.php
[ info ] [ ROUTE ] array (
  'type' => 'module',
  'module' => 
  array (
    0 => 'index',
    1 => 'product',
    2 => 'index',
  ),
)
[ info ] [ HEADER ] array (
  'host' => 'leqiubaobeipc.localhost.com',
  'connection' => 'keep-alive',
  'upgrade-insecure-requests' => '1',
  'user-agent' => 'Mozilla/5.0 (Windows NT 6.1; Win64; x64) AppleWebKit/537.36 (KHTML, like Gecko) Chrome/68.0.3440.106 Safari/537.36',
  'accept' => 'text/html,application/xhtml+xml,application/xml;q=0.9,image/webp,image/apng,*/*;q=0.8',
  'referer' => 'http://leqiubaobeipc.localhost.com/index/product/index.html',
  'accept-encoding' => 'gzip, deflate',
  'accept-language' => 'zh-CN,zh;q=0.9',
  'cookie' => 'PHPSESSID=6mqefjq4hukncuk7sc9vm2ehs5',
)
[ info ] [ PARAM ] array (
)
[ info ] [ LANG ] E:\PHPTools\www\leqiubaobeipc\public/../application/index\lang\zh-cn.php
[ info ] [ BEHAVIOR ] Run app\common\behavior\Common @module_init [ RunTime:0.031001s ]
[ info ] [ RUN ] app\index\controller\Product->index[ E:\PHPTools\www\leqiubaobeipc\application\index\controller\Product.php ]
[ info ] [ DB ] INIT mysql
[ info ] [ VIEW ] E:\PHPTools\www\leqiubaobeipc\public/../application/index\view\product\index.html [ array (
  0 => 'user',
  1 => 'site',
  2 => 'config',
  3 => 'productVideo0',
  4 => 'productVideo1',
) ]
[ info ] [ LOG ] INIT File
[ sql ] [ DB ] CONNECT:[ UseTime:0.014000s ] mysql:host=127.0.0.1;dbname=leqiubaobeipc;charset=utf8
[ sql ] [ SQL ] SHOW COLUMNS FROM `fa_product_video` [ RunTime:0.098006s ]
[ sql ] [ SQL ] SELECT * FROM `fa_product_video` ORDER BY `weigh` DESC,`id` DESC LIMIT 2 [ RunTime:0.026002s ]
---------------------------------------------------------------
[ 2018-10-05T10:09:30+08:00 ] 127.0.0.1 GET /index/product/static/images/index/index_logo.png
[ info ] leqiubaobeipc.localhost.com/index/product/static/images/index/index_logo.png [运行时间：0.123007s][吞吐率：8.13req/s] [内存消耗：4,293.26kb] [文件加载：66]
[ info ] [ BEHAVIOR ] Run Closure @app_init [ RunTime:0.000000s ]
[ info ] [ CACHE ] INIT File
[ info ] [ BEHAVIOR ] Run Closure @app_init [ RunTime:0.005000s ]
[ info ] [ LANG ] E:\PHPTools\www\leqiubaobeipc\thinkphp\lang\zh-cn.php
[ info ] [ ROUTE ] array (
  'type' => 'module',
  'module' => 
  array (
    0 => 'index',
    1 => 'product',
    2 => 'static',
  ),
)
[ info ] [ HEADER ] array (
  'host' => 'leqiubaobeipc.localhost.com',
  'connection' => 'keep-alive',
  'user-agent' => 'Mozilla/5.0 (Windows NT 6.1; Win64; x64) AppleWebKit/537.36 (KHTML, like Gecko) Chrome/68.0.3440.106 Safari/537.36',
  'accept' => 'image/webp,image/apng,image/*,*/*;q=0.8',
  'referer' => 'http://leqiubaobeipc.localhost.com/index/product/index.html',
  'accept-encoding' => 'gzip, deflate',
  'accept-language' => 'zh-CN,zh;q=0.9',
  'cookie' => 'PHPSESSID=6mqefjq4hukncuk7sc9vm2ehs5',
)
[ info ] [ PARAM ] array (
  'images' => 'index',
)
[ info ] [ LANG ] E:\PHPTools\www\leqiubaobeipc\public/../application/index\lang\zh-cn.php
[ info ] [ BEHAVIOR ] Run app\common\behavior\Common @module_init [ RunTime:0.004000s ]
[ info ] [ LOG ] INIT File
