[ 2018-10-07T15:29:59+08:00 ][ info ] [ BEHAVIOR ] Run Closure @app_init [ RunTime:0.001000s ]
[ info ] [ LOG ] INIT File
[ 2018-10-07T15:29:59+08:00 ][ info ] [ CACHE ] INIT File
[ 2018-10-07T15:29:59+08:00 ][ info ] [ BEHAVIOR ] Run Closure @app_init [ RunTime:0.010001s ]
[ 2018-10-07T15:30:00+08:00 ][ info ] [ DB ] INIT mysql
[ 2018-10-07T15:30:00+08:00 ][ sql ] [ DB ] CONNECT:[ UseTime:0.013001s ] mysql:host=127.0.0.1;dbname=leqiubaobeipc;charset=utf8
[ 2018-10-07T15:30:00+08:00 ][ sql ] [ SQL ] SHOW TABLE STATUS LIKE 'team' [ RunTime:0.003000s ]
[ 2018-10-07T15:30:00+08:00 ][ sql ] [ SQL ] SHOW TABLE STATUS LIKE 'fa_team' [ RunTime:0.002000s ]
[ 2018-10-07T15:30:06+08:00 ][ info ] [ BEHAVIOR ] Run Closure @app_init [ RunTime:0.001000s ]
[ info ] [ LOG ] INIT File
[ 2018-10-07T15:30:06+08:00 ][ info ] [ CACHE ] INIT File
[ 2018-10-07T15:30:06+08:00 ][ info ] [ BEHAVIOR ] Run Closure @app_init [ RunTime:0.007000s ]
[ 2018-10-07T15:30:06+08:00 ][ info ] [ DB ] INIT mysql
[ 2018-10-07T15:30:06+08:00 ][ sql ] [ DB ] CONNECT:[ UseTime:0.009001s ] mysql:host=127.0.0.1;dbname=leqiubaobeipc;charset=utf8
[ 2018-10-07T15:30:06+08:00 ][ sql ] [ SQL ] SHOW TABLE STATUS LIKE 'team' [ RunTime:0.036002s ]
[ 2018-10-07T15:30:06+08:00 ][ sql ] [ SQL ] SHOW TABLE STATUS LIKE 'fa_team' [ RunTime:0.002000s ]
[ 2018-10-07T15:30:06+08:00 ][ sql ] [ SQL ] SELECT * FROM `information_schema`.`columns` WHERE TABLE_SCHEMA = 'leqiubaobeipc' AND table_name = 'fa_team' ORDER BY ORDINAL_POSITION [ RunTime:0.002000s ]
[ 2018-10-07T15:57:06+08:00 ][ info ] [ BEHAVIOR ] Run Closure @app_init [ RunTime:0.000000s ]
[ info ] [ LOG ] INIT File
[ 2018-10-07T15:57:06+08:00 ][ info ] [ CACHE ] INIT File
[ 2018-10-07T15:57:06+08:00 ][ info ] [ BEHAVIOR ] Run Closure @app_init [ RunTime:0.005000s ]
[ 2018-10-07T15:57:06+08:00 ][ info ] [ DB ] INIT mysql
[ 2018-10-07T15:57:06+08:00 ][ sql ] [ DB ] CONNECT:[ UseTime:0.010000s ] mysql:host=127.0.0.1;dbname=leqiubaobeipc;charset=utf8
[ 2018-10-07T15:57:06+08:00 ][ sql ] [ SQL ] SHOW TABLE STATUS LIKE 'link' [ RunTime:0.001000s ]
[ 2018-10-07T15:57:06+08:00 ][ sql ] [ SQL ] SHOW TABLE STATUS LIKE 'fa_link' [ RunTime:0.003000s ]
[ 2018-10-07T15:57:06+08:00 ][ sql ] [ SQL ] SELECT * FROM `information_schema`.`columns` WHERE TABLE_SCHEMA = 'leqiubaobeipc' AND table_name = 'fa_link' ORDER BY ORDINAL_POSITION [ RunTime:0.001000s ]
[ 2018-10-07T15:58:47+08:00 ][ info ] [ BEHAVIOR ] Run Closure @app_init [ RunTime:0.000000s ]
[ info ] [ LOG ] INIT File
[ 2018-10-07T15:58:47+08:00 ][ info ] [ CACHE ] INIT File
[ 2018-10-07T15:58:47+08:00 ][ info ] [ BEHAVIOR ] Run Closure @app_init [ RunTime:0.006000s ]
[ 2018-10-07T15:58:48+08:00 ][ info ] [ DB ] INIT mysql
[ 2018-10-07T15:58:48+08:00 ][ sql ] [ DB ] CONNECT:[ UseTime:0.009000s ] mysql:host=127.0.0.1;dbname=leqiubaobeipc;charset=utf8
[ 2018-10-07T15:58:48+08:00 ][ sql ] [ SQL ] SHOW TABLE STATUS LIKE 'link' [ RunTime:0.002000s ]
[ 2018-10-07T15:58:48+08:00 ][ sql ] [ SQL ] SHOW TABLE STATUS LIKE 'fa_link' [ RunTime:0.003001s ]
[ 2018-10-07T15:58:56+08:00 ][ info ] [ BEHAVIOR ] Run Closure @app_init [ RunTime:0.001000s ]
[ info ] [ LOG ] INIT File
[ 2018-10-07T15:58:56+08:00 ][ info ] [ CACHE ] INIT File
[ 2018-10-07T15:58:56+08:00 ][ info ] [ BEHAVIOR ] Run Closure @app_init [ RunTime:0.007001s ]
[ 2018-10-07T15:58:56+08:00 ][ info ] [ DB ] INIT mysql
[ 2018-10-07T15:58:56+08:00 ][ sql ] [ DB ] CONNECT:[ UseTime:0.009001s ] mysql:host=127.0.0.1;dbname=leqiubaobeipc;charset=utf8
[ 2018-10-07T15:58:56+08:00 ][ sql ] [ SQL ] SHOW TABLE STATUS LIKE 'link' [ RunTime:0.002000s ]
[ 2018-10-07T15:58:56+08:00 ][ sql ] [ SQL ] SHOW TABLE STATUS LIKE 'fa_link' [ RunTime:0.003000s ]
[ 2018-10-07T15:58:56+08:00 ][ sql ] [ SQL ] SELECT * FROM `information_schema`.`columns` WHERE TABLE_SCHEMA = 'leqiubaobeipc' AND table_name = 'fa_link' ORDER BY ORDINAL_POSITION [ RunTime:0.002000s ]
[ 2018-10-07T16:05:12+08:00 ][ info ] [ BEHAVIOR ] Run Closure @app_init [ RunTime:0.000000s ]
[ info ] [ LOG ] INIT File
[ 2018-10-07T16:05:12+08:00 ][ info ] [ CACHE ] INIT File
[ 2018-10-07T16:05:12+08:00 ][ info ] [ BEHAVIOR ] Run Closure @app_init [ RunTime:0.007000s ]
[ 2018-10-07T16:05:12+08:00 ][ info ] [ DB ] INIT mysql
[ 2018-10-07T16:05:12+08:00 ][ info ] [ LANG ] E:\PHPTools\www\leqiubaobeipc\application\admin\lang/zh-cn.php
[ 2018-10-07T16:05:12+08:00 ][ sql ] [ DB ] CONNECT:[ UseTime:0.013001s ] mysql:host=127.0.0.1;dbname=leqiubaobeipc;charset=utf8
[ 2018-10-07T16:05:12+08:00 ][ sql ] [ SQL ] SHOW COLUMNS FROM `fa_auth_rule` [ RunTime:0.003000s ]
[ 2018-10-07T16:05:12+08:00 ][ sql ] [ SQL ] SELECT * FROM `fa_auth_rule` WHERE  `name` = 'team' LIMIT 1 [ RunTime:0.002000s ]
[ 2018-10-07T16:05:12+08:00 ][ sql ] [ SQL ] SELECT `id` FROM `fa_auth_rule` WHERE  `name` = 'team/index' LIMIT 1 [ RunTime:0.001000s ]
[ 2018-10-07T16:05:12+08:00 ][ sql ] [ SQL ] SELECT `id` FROM `fa_auth_rule` WHERE  `name` = 'team/add' LIMIT 1 [ RunTime:0.001001s ]
[ 2018-10-07T16:05:12+08:00 ][ sql ] [ SQL ] SELECT `id` FROM `fa_auth_rule` WHERE  `name` = 'team/edit' LIMIT 1 [ RunTime:0.001000s ]
[ 2018-10-07T16:05:12+08:00 ][ sql ] [ SQL ] SELECT `id` FROM `fa_auth_rule` WHERE  `name` = 'team/del' LIMIT 1 [ RunTime:0.001000s ]
[ 2018-10-07T16:05:12+08:00 ][ sql ] [ SQL ] SELECT `id` FROM `fa_auth_rule` WHERE  `name` = 'team/multi' LIMIT 1 [ RunTime:0.001000s ]
[ 2018-10-07T16:05:12+08:00 ][ sql ] [ SQL ] UPDATE `fa_auth_rule`  SET `pid`=116,`name`='team/index',`icon`='fa fa-circle-o',`title`='查看',`ismenu`=0,`status`='normal',`updatetime`=1538899512  WHERE  `id` = 117 [ RunTime:0.001000s ]
[ 2018-10-07T16:05:12+08:00 ][ sql ] [ SQL ] UPDATE `fa_auth_rule`  SET `pid`=116,`name`='team/add',`icon`='fa fa-circle-o',`title`='添加',`ismenu`=0,`status`='normal',`updatetime`=1538899512  WHERE  `id` = 118 [ RunTime:0.001000s ]
[ 2018-10-07T16:05:12+08:00 ][ sql ] [ SQL ] UPDATE `fa_auth_rule`  SET `pid`=116,`name`='team/edit',`icon`='fa fa-circle-o',`title`='编辑',`ismenu`=0,`status`='normal',`updatetime`=1538899512  WHERE  `id` = 119 [ RunTime:0.001001s ]
[ 2018-10-07T16:05:12+08:00 ][ sql ] [ SQL ] UPDATE `fa_auth_rule`  SET `pid`=116,`name`='team/del',`icon`='fa fa-circle-o',`title`='删除',`ismenu`=0,`status`='normal',`updatetime`=1538899512  WHERE  `id` = 120 [ RunTime:0.000000s ]
[ 2018-10-07T16:05:12+08:00 ][ sql ] [ SQL ] UPDATE `fa_auth_rule`  SET `pid`=116,`name`='team/multi',`icon`='fa fa-circle-o',`title`='批量更新',`ismenu`=0,`status`='normal',`updatetime`=1538899512  WHERE  `id` = 121 [ RunTime:0.000000s ]
[ 2018-10-07T16:11:09+08:00 ][ info ] [ BEHAVIOR ] Run Closure @app_init [ RunTime:0.000000s ]
[ info ] [ LOG ] INIT File
[ 2018-10-07T16:11:09+08:00 ][ info ] [ CACHE ] INIT File
[ 2018-10-07T16:11:09+08:00 ][ info ] [ BEHAVIOR ] Run Closure @app_init [ RunTime:0.007000s ]
[ 2018-10-07T16:11:09+08:00 ][ info ] [ DB ] INIT mysql
[ 2018-10-07T16:11:09+08:00 ][ info ] [ LANG ] E:\PHPTools\www\leqiubaobeipc\application\admin\lang/zh-cn.php
[ 2018-10-07T16:11:09+08:00 ][ sql ] [ DB ] CONNECT:[ UseTime:0.010001s ] mysql:host=127.0.0.1;dbname=leqiubaobeipc;charset=utf8
[ 2018-10-07T16:11:09+08:00 ][ sql ] [ SQL ] SHOW COLUMNS FROM `fa_auth_rule` [ RunTime:0.003000s ]
[ 2018-10-07T16:11:09+08:00 ][ sql ] [ SQL ] SELECT * FROM `fa_auth_rule` WHERE  `name` = 'link' LIMIT 1 [ RunTime:0.002000s ]
[ 2018-10-07T16:11:09+08:00 ][ sql ] [ SQL ] INSERT INTO `fa_auth_rule` (`pid` , `name` , `title` , `icon` , `remark` , `ismenu` , `status` , `createtime` , `updatetime`) VALUES (0 , 'link' , '外部链接' , 'fa fa-link' , '' , 1 , 'normal' , 1538899869 , 1538899869) [ RunTime:0.056004s ]
[ 2018-10-07T16:11:09+08:00 ][ sql ] [ SQL ] SELECT `id` FROM `fa_auth_rule` WHERE  `name` = 'link/index' LIMIT 1 [ RunTime:0.001000s ]
[ 2018-10-07T16:11:09+08:00 ][ sql ] [ SQL ] SELECT `id` FROM `fa_auth_rule` WHERE  `name` = 'link/add' LIMIT 1 [ RunTime:0.001000s ]
[ 2018-10-07T16:11:10+08:00 ][ sql ] [ SQL ] SELECT `id` FROM `fa_auth_rule` WHERE  `name` = 'link/edit' LIMIT 1 [ RunTime:0.002000s ]
[ 2018-10-07T16:11:10+08:00 ][ sql ] [ SQL ] SELECT `id` FROM `fa_auth_rule` WHERE  `name` = 'link/del' LIMIT 1 [ RunTime:0.002000s ]
[ 2018-10-07T16:11:10+08:00 ][ sql ] [ SQL ] SELECT `id` FROM `fa_auth_rule` WHERE  `name` = 'link/multi' LIMIT 1 [ RunTime:0.001000s ]
[ 2018-10-07T16:11:10+08:00 ][ sql ] [ SQL ] INSERT INTO `fa_auth_rule` (`id` , `pid` , `name` , `icon` , `title` , `ismenu` , `status` , `createtime` , `updatetime`) VALUES (NULL , 122 , 'link/index' , 'fa fa-circle-o' , '查看' , 0 , 'normal' , 1538899870 , 1538899870) [ RunTime:0.001000s ]
[ 2018-10-07T16:11:10+08:00 ][ sql ] [ SQL ] INSERT INTO `fa_auth_rule` (`id` , `pid` , `name` , `icon` , `title` , `ismenu` , `status` , `createtime` , `updatetime`) VALUES (NULL , 122 , 'link/add' , 'fa fa-circle-o' , '添加' , 0 , 'normal' , 1538899870 , 1538899870) [ RunTime:0.001000s ]
[ 2018-10-07T16:11:10+08:00 ][ sql ] [ SQL ] INSERT INTO `fa_auth_rule` (`id` , `pid` , `name` , `icon` , `title` , `ismenu` , `status` , `createtime` , `updatetime`) VALUES (NULL , 122 , 'link/edit' , 'fa fa-circle-o' , '编辑' , 0 , 'normal' , 1538899870 , 1538899870) [ RunTime:0.001000s ]
[ 2018-10-07T16:11:10+08:00 ][ sql ] [ SQL ] INSERT INTO `fa_auth_rule` (`id` , `pid` , `name` , `icon` , `title` , `ismenu` , `status` , `createtime` , `updatetime`) VALUES (NULL , 122 , 'link/del' , 'fa fa-circle-o' , '删除' , 0 , 'normal' , 1538899870 , 1538899870) [ RunTime:0.000000s ]
[ 2018-10-07T16:11:10+08:00 ][ sql ] [ SQL ] INSERT INTO `fa_auth_rule` (`id` , `pid` , `name` , `icon` , `title` , `ismenu` , `status` , `createtime` , `updatetime`) VALUES (NULL , 122 , 'link/multi' , 'fa fa-circle-o' , '批量更新' , 0 , 'normal' , 1538899870 , 1538899870) [ RunTime:0.001000s ]
[ 2018-10-07T16:12:40+08:00 ][ info ] [ BEHAVIOR ] Run Closure @app_init [ RunTime:0.001000s ]
[ info ] [ LOG ] INIT File
[ 2018-10-07T16:12:40+08:00 ][ info ] [ CACHE ] INIT File
[ 2018-10-07T16:12:40+08:00 ][ info ] [ BEHAVIOR ] Run Closure @app_init [ RunTime:0.009001s ]
[ 2018-10-07T16:12:40+08:00 ][ info ] [ DB ] INIT mysql
[ 2018-10-07T16:12:40+08:00 ][ sql ] [ DB ] CONNECT:[ UseTime:0.010001s ] mysql:host=127.0.0.1;dbname=leqiubaobeipc;charset=utf8
[ 2018-10-07T16:12:40+08:00 ][ sql ] [ SQL ] SHOW TABLE STATUS LIKE 'link' [ RunTime:0.002000s ]
[ 2018-10-07T16:12:40+08:00 ][ sql ] [ SQL ] SHOW TABLE STATUS LIKE 'fa_link' [ RunTime:0.002000s ]
[ 2018-10-07T16:12:40+08:00 ][ sql ] [ SQL ] SELECT * FROM `information_schema`.`columns` WHERE TABLE_SCHEMA = 'leqiubaobeipc' AND table_name = 'fa_link' ORDER BY ORDINAL_POSITION [ RunTime:0.002000s ]
