[ 2018-09-20T22:14:50+08:00 ][ sql ] [ DB ] CONNECT:[ UseTime:0.016001s ] mysql:host=127.0.0.1;dbname=leqiubaobeipc;charset=utf8
[ 2018-09-20T22:14:50+08:00 ][ sql ] [ SQL ] SHOW TABLE STATUS LIKE 'news' [ RunTime:0.002001s ]
[ 2018-09-20T22:14:50+08:00 ][ sql ] [ SQL ] SHOW TABLE STATUS LIKE 'fa_news' [ RunTime:0.003000s ]
[ 2018-09-20T22:14:50+08:00 ][ sql ] [ SQL ] SELECT * FROM `information_schema`.`columns` WHERE TABLE_SCHEMA = 'leqiubaobeipc' AND table_name = 'fa_news' ORDER BY ORDINAL_POSITION [ RunTime:0.002000s ]
[ 2018-09-20T22:15:47+08:00 ][ sql ] [ DB ] CONNECT:[ UseTime:0.012001s ] mysql:host=127.0.0.1;dbname=leqiubaobeipc;charset=utf8
[ 2018-09-20T22:15:47+08:00 ][ sql ] [ SQL ] SHOW COLUMNS FROM `fa_auth_rule` [ RunTime:0.002000s ]
[ 2018-09-20T22:15:47+08:00 ][ sql ] [ SQL ] SELECT * FROM `fa_auth_rule` WHERE  `name` = 'news' LIMIT 1 [ RunTime:0.011001s ]
[ 2018-09-20T22:15:47+08:00 ][ sql ] [ SQL ] INSERT INTO `fa_auth_rule` (`pid` , `name` , `title` , `icon` , `remark` , `ismenu` , `status` , `createtime` , `updatetime`) VALUES (0 , 'news' , 'News' , 'fa fa-circle-o' , '' , 1 , 'normal' , 1537452947 , 1537452947) [ RunTime:0.048003s ]
[ 2018-09-20T22:15:47+08:00 ][ sql ] [ SQL ] SELECT `id` FROM `fa_auth_rule` WHERE  `name` = 'news/index' LIMIT 1 [ RunTime:0.003000s ]
[ 2018-09-20T22:15:47+08:00 ][ sql ] [ SQL ] SELECT `id` FROM `fa_auth_rule` WHERE  `name` = 'news/add' LIMIT 1 [ RunTime:0.002000s ]
[ 2018-09-20T22:15:47+08:00 ][ sql ] [ SQL ] SELECT `id` FROM `fa_auth_rule` WHERE  `name` = 'news/edit' LIMIT 1 [ RunTime:0.001000s ]
[ 2018-09-20T22:15:47+08:00 ][ sql ] [ SQL ] SELECT `id` FROM `fa_auth_rule` WHERE  `name` = 'news/del' LIMIT 1 [ RunTime:0.001000s ]
[ 2018-09-20T22:15:47+08:00 ][ sql ] [ SQL ] SELECT `id` FROM `fa_auth_rule` WHERE  `name` = 'news/multi' LIMIT 1 [ RunTime:0.002000s ]
[ 2018-09-20T22:15:47+08:00 ][ sql ] [ SQL ] INSERT INTO `fa_auth_rule` (`id` , `pid` , `name` , `icon` , `title` , `ismenu` , `status` , `createtime` , `updatetime`) VALUES (NULL , 85 , 'news/index' , 'fa fa-circle-o' , '查看' , 0 , 'normal' , 1537452947 , 1537452947) [ RunTime:0.001000s ]
[ 2018-09-20T22:15:47+08:00 ][ sql ] [ SQL ] INSERT INTO `fa_auth_rule` (`id` , `pid` , `name` , `icon` , `title` , `ismenu` , `status` , `createtime` , `updatetime`) VALUES (NULL , 85 , 'news/add' , 'fa fa-circle-o' , '添加' , 0 , 'normal' , 1537452947 , 1537452947) [ RunTime:0.001001s ]
[ 2018-09-20T22:15:47+08:00 ][ sql ] [ SQL ] INSERT INTO `fa_auth_rule` (`id` , `pid` , `name` , `icon` , `title` , `ismenu` , `status` , `createtime` , `updatetime`) VALUES (NULL , 85 , 'news/edit' , 'fa fa-circle-o' , '编辑' , 0 , 'normal' , 1537452947 , 1537452947) [ RunTime:0.000000s ]
[ 2018-09-20T22:15:47+08:00 ][ sql ] [ SQL ] INSERT INTO `fa_auth_rule` (`id` , `pid` , `name` , `icon` , `title` , `ismenu` , `status` , `createtime` , `updatetime`) VALUES (NULL , 85 , 'news/del' , 'fa fa-circle-o' , '删除' , 0 , 'normal' , 1537452947 , 1537452947) [ RunTime:0.001000s ]
[ 2018-09-20T22:15:47+08:00 ][ sql ] [ SQL ] INSERT INTO `fa_auth_rule` (`id` , `pid` , `name` , `icon` , `title` , `ismenu` , `status` , `createtime` , `updatetime`) VALUES (NULL , 85 , 'news/multi' , 'fa fa-circle-o' , '批量更新' , 0 , 'normal' , 1537452947 , 1537452947) [ RunTime:0.001000s ]
[ 2018-09-20T22:18:42+08:00 ][ sql ] [ DB ] CONNECT:[ UseTime:0.014001s ] mysql:host=127.0.0.1;dbname=leqiubaobeipc;charset=utf8
[ 2018-09-20T22:18:42+08:00 ][ sql ] [ SQL ] SHOW TABLE STATUS LIKE 'news' [ RunTime:0.002001s ]
[ 2018-09-20T22:18:42+08:00 ][ sql ] [ SQL ] SHOW TABLE STATUS LIKE 'fa_news' [ RunTime:0.003000s ]
[ 2018-09-20T22:18:42+08:00 ][ sql ] [ SQL ] SELECT * FROM `information_schema`.`columns` WHERE TABLE_SCHEMA = 'leqiubaobeipc' AND table_name = 'fa_news' ORDER BY ORDINAL_POSITION [ RunTime:0.002000s ]
