[ 2018-09-21T14:51:42+08:00 ][ sql ] [ DB ] CONNECT:[ UseTime:0.010001s ] mysql:host=127.0.0.1;dbname=leqiubaobeipc;charset=utf8
[ 2018-09-21T14:51:42+08:00 ][ sql ] [ SQL ] SHOW TABLE STATUS LIKE 'prodocut_video' [ RunTime:0.002000s ]
[ 2018-09-21T14:51:42+08:00 ][ sql ] [ SQL ] SHOW TABLE STATUS LIKE 'fa_prodocut_video' [ RunTime:0.002000s ]
[ 2018-09-21T14:51:58+08:00 ][ sql ] [ DB ] CONNECT:[ UseTime:0.011001s ] mysql:host=127.0.0.1;dbname=leqiubaobeipc;charset=utf8
[ 2018-09-21T14:51:58+08:00 ][ sql ] [ SQL ] SHOW TABLE STATUS LIKE 'product_video' [ RunTime:0.002000s ]
[ 2018-09-21T14:51:58+08:00 ][ sql ] [ SQL ] SHOW TABLE STATUS LIKE 'fa_product_video' [ RunTime:0.002000s ]
[ 2018-09-21T14:51:58+08:00 ][ sql ] [ SQL ] SELECT * FROM `information_schema`.`columns` WHERE TABLE_SCHEMA = 'leqiubaobeipc' AND table_name = 'fa_product_video' ORDER BY ORDINAL_POSITION [ RunTime:0.004000s ]
[ 2018-09-21T14:52:36+08:00 ][ sql ] [ DB ] CONNECT:[ UseTime:0.019001s ] mysql:host=127.0.0.1;dbname=leqiubaobeipc;charset=utf8
[ 2018-09-21T14:52:36+08:00 ][ sql ] [ SQL ] SHOW TABLE STATUS LIKE 'product_audio' [ RunTime:0.002000s ]
[ 2018-09-21T14:52:36+08:00 ][ sql ] [ SQL ] SHOW TABLE STATUS LIKE 'fa_product_audio' [ RunTime:0.003000s ]
[ 2018-09-21T14:52:36+08:00 ][ sql ] [ SQL ] SELECT * FROM `information_schema`.`columns` WHERE TABLE_SCHEMA = 'leqiubaobeipc' AND table_name = 'fa_product_audio' ORDER BY ORDINAL_POSITION [ RunTime:0.002000s ]
[ 2018-09-21T14:53:16+08:00 ][ sql ] [ DB ] CONNECT:[ UseTime:0.013001s ] mysql:host=127.0.0.1;dbname=leqiubaobeipc;charset=utf8
[ 2018-09-21T14:53:16+08:00 ][ sql ] [ SQL ] SHOW COLUMNS FROM `fa_auth_rule` [ RunTime:0.002000s ]
[ 2018-09-21T14:53:16+08:00 ][ sql ] [ SQL ] SELECT * FROM `fa_auth_rule` WHERE  `name` = 'product' LIMIT 1 [ RunTime:0.001000s ]
[ 2018-09-21T14:53:16+08:00 ][ sql ] [ SQL ] INSERT INTO `fa_auth_rule` (`pid` , `name` , `title` , `icon` , `remark` , `ismenu` , `status` , `createtime` , `updatetime`) VALUES (0 , 'product' , 'product' , 'fa fa-list' , '' , 1 , 'normal' , 1537512796 , 1537512796) [ RunTime:0.066004s ]
[ 2018-09-21T14:53:16+08:00 ][ sql ] [ SQL ] SELECT * FROM `fa_auth_rule` WHERE  `name` = 'product/video' LIMIT 1 [ RunTime:0.002000s ]
[ 2018-09-21T14:53:16+08:00 ][ sql ] [ SQL ] INSERT INTO `fa_auth_rule` (`pid` , `name` , `title` , `icon` , `remark` , `ismenu` , `status` , `createtime` , `updatetime`) VALUES (91 , 'product/video' , 'Video' , 'fa fa-circle-o' , '' , 1 , 'normal' , 1537512796 , 1537512796) [ RunTime:0.053003s ]
[ 2018-09-21T14:53:16+08:00 ][ sql ] [ SQL ] SELECT `id` FROM `fa_auth_rule` WHERE  `name` = 'product/video/index' LIMIT 1 [ RunTime:0.001000s ]
[ 2018-09-21T14:53:16+08:00 ][ sql ] [ SQL ] SELECT `id` FROM `fa_auth_rule` WHERE  `name` = 'product/video/add' LIMIT 1 [ RunTime:0.000000s ]
[ 2018-09-21T14:53:16+08:00 ][ sql ] [ SQL ] SELECT `id` FROM `fa_auth_rule` WHERE  `name` = 'product/video/edit' LIMIT 1 [ RunTime:0.001000s ]
[ 2018-09-21T14:53:16+08:00 ][ sql ] [ SQL ] SELECT `id` FROM `fa_auth_rule` WHERE  `name` = 'product/video/del' LIMIT 1 [ RunTime:0.002000s ]
[ 2018-09-21T14:53:16+08:00 ][ sql ] [ SQL ] SELECT `id` FROM `fa_auth_rule` WHERE  `name` = 'product/video/multi' LIMIT 1 [ RunTime:0.001000s ]
[ 2018-09-21T14:53:16+08:00 ][ sql ] [ SQL ] INSERT INTO `fa_auth_rule` (`id` , `pid` , `name` , `icon` , `title` , `ismenu` , `status` , `createtime` , `updatetime`) VALUES (NULL , 92 , 'product/video/index' , 'fa fa-circle-o' , '查看' , 0 , 'normal' , 1537512796 , 1537512796) [ RunTime:0.001000s ]
[ 2018-09-21T14:53:16+08:00 ][ sql ] [ SQL ] INSERT INTO `fa_auth_rule` (`id` , `pid` , `name` , `icon` , `title` , `ismenu` , `status` , `createtime` , `updatetime`) VALUES (NULL , 92 , 'product/video/add' , 'fa fa-circle-o' , '添加' , 0 , 'normal' , 1537512796 , 1537512796) [ RunTime:0.002000s ]
[ 2018-09-21T14:53:16+08:00 ][ sql ] [ SQL ] INSERT INTO `fa_auth_rule` (`id` , `pid` , `name` , `icon` , `title` , `ismenu` , `status` , `createtime` , `updatetime`) VALUES (NULL , 92 , 'product/video/edit' , 'fa fa-circle-o' , '编辑' , 0 , 'normal' , 1537512796 , 1537512796) [ RunTime:0.001000s ]
[ 2018-09-21T14:53:16+08:00 ][ sql ] [ SQL ] INSERT INTO `fa_auth_rule` (`id` , `pid` , `name` , `icon` , `title` , `ismenu` , `status` , `createtime` , `updatetime`) VALUES (NULL , 92 , 'product/video/del' , 'fa fa-circle-o' , '删除' , 0 , 'normal' , 1537512796 , 1537512796) [ RunTime:0.016001s ]
[ 2018-09-21T14:53:16+08:00 ][ sql ] [ SQL ] INSERT INTO `fa_auth_rule` (`id` , `pid` , `name` , `icon` , `title` , `ismenu` , `status` , `createtime` , `updatetime`) VALUES (NULL , 92 , 'product/video/multi' , 'fa fa-circle-o' , '批量更新' , 0 , 'normal' , 1537512796 , 1537512796) [ RunTime:0.001000s ]
[ 2018-09-21T14:53:21+08:00 ][ sql ] [ DB ] CONNECT:[ UseTime:0.011001s ] mysql:host=127.0.0.1;dbname=leqiubaobeipc;charset=utf8
[ 2018-09-21T14:53:21+08:00 ][ sql ] [ SQL ] SHOW COLUMNS FROM `fa_auth_rule` [ RunTime:0.002000s ]
[ 2018-09-21T14:53:21+08:00 ][ sql ] [ SQL ] SELECT * FROM `fa_auth_rule` WHERE  `name` = 'product' LIMIT 1 [ RunTime:0.001000s ]
[ 2018-09-21T14:53:21+08:00 ][ sql ] [ SQL ] SELECT * FROM `fa_auth_rule` WHERE  `name` = 'product/audio' LIMIT 1 [ RunTime:0.001001s ]
[ 2018-09-21T14:53:21+08:00 ][ sql ] [ SQL ] INSERT INTO `fa_auth_rule` (`pid` , `name` , `title` , `icon` , `remark` , `ismenu` , `status` , `createtime` , `updatetime`) VALUES (91 , 'product/audio' , 'Audio' , 'fa fa-circle-o' , '' , 1 , 'normal' , 1537512801 , 1537512801) [ RunTime:0.035002s ]
[ 2018-09-21T14:53:21+08:00 ][ sql ] [ SQL ] SELECT `id` FROM `fa_auth_rule` WHERE  `name` = 'product/audio/index' LIMIT 1 [ RunTime:0.001000s ]
[ 2018-09-21T14:53:21+08:00 ][ sql ] [ SQL ] SELECT `id` FROM `fa_auth_rule` WHERE  `name` = 'product/audio/add' LIMIT 1 [ RunTime:0.001000s ]
[ 2018-09-21T14:53:22+08:00 ][ sql ] [ SQL ] SELECT `id` FROM `fa_auth_rule` WHERE  `name` = 'product/audio/edit' LIMIT 1 [ RunTime:0.001000s ]
[ 2018-09-21T14:53:22+08:00 ][ sql ] [ SQL ] SELECT `id` FROM `fa_auth_rule` WHERE  `name` = 'product/audio/del' LIMIT 1 [ RunTime:0.001000s ]
[ 2018-09-21T14:53:22+08:00 ][ sql ] [ SQL ] SELECT `id` FROM `fa_auth_rule` WHERE  `name` = 'product/audio/multi' LIMIT 1 [ RunTime:0.002000s ]
[ 2018-09-21T14:53:22+08:00 ][ sql ] [ SQL ] INSERT INTO `fa_auth_rule` (`id` , `pid` , `name` , `icon` , `title` , `ismenu` , `status` , `createtime` , `updatetime`) VALUES (NULL , 98 , 'product/audio/index' , 'fa fa-circle-o' , '查看' , 0 , 'normal' , 1537512802 , 1537512802) [ RunTime:0.001000s ]
[ 2018-09-21T14:53:22+08:00 ][ sql ] [ SQL ] INSERT INTO `fa_auth_rule` (`id` , `pid` , `name` , `icon` , `title` , `ismenu` , `status` , `createtime` , `updatetime`) VALUES (NULL , 98 , 'product/audio/add' , 'fa fa-circle-o' , '添加' , 0 , 'normal' , 1537512802 , 1537512802) [ RunTime:0.001000s ]
[ 2018-09-21T14:53:22+08:00 ][ sql ] [ SQL ] INSERT INTO `fa_auth_rule` (`id` , `pid` , `name` , `icon` , `title` , `ismenu` , `status` , `createtime` , `updatetime`) VALUES (NULL , 98 , 'product/audio/edit' , 'fa fa-circle-o' , '编辑' , 0 , 'normal' , 1537512802 , 1537512802) [ RunTime:0.001000s ]
[ 2018-09-21T14:53:22+08:00 ][ sql ] [ SQL ] INSERT INTO `fa_auth_rule` (`id` , `pid` , `name` , `icon` , `title` , `ismenu` , `status` , `createtime` , `updatetime`) VALUES (NULL , 98 , 'product/audio/del' , 'fa fa-circle-o' , '删除' , 0 , 'normal' , 1537512802 , 1537512802) [ RunTime:0.001000s ]
[ 2018-09-21T14:53:22+08:00 ][ sql ] [ SQL ] INSERT INTO `fa_auth_rule` (`id` , `pid` , `name` , `icon` , `title` , `ismenu` , `status` , `createtime` , `updatetime`) VALUES (NULL , 98 , 'product/audio/multi' , 'fa fa-circle-o' , '批量更新' , 0 , 'normal' , 1537512802 , 1537512802) [ RunTime:0.001000s ]
[ 2018-09-21T15:18:10+08:00 ][ sql ] [ DB ] CONNECT:[ UseTime:0.019001s ] mysql:host=127.0.0.1;dbname=leqiubaobeipc;charset=utf8
[ 2018-09-21T15:18:10+08:00 ][ sql ] [ SQL ] SHOW TABLE STATUS LIKE 'page' [ RunTime:0.002001s ]
[ 2018-09-21T15:18:10+08:00 ][ sql ] [ SQL ] SHOW TABLE STATUS LIKE 'fa_page' [ RunTime:0.002000s ]
[ 2018-09-21T15:18:10+08:00 ][ sql ] [ SQL ] SELECT * FROM `information_schema`.`columns` WHERE TABLE_SCHEMA = 'leqiubaobeipc' AND table_name = 'fa_page' ORDER BY ORDINAL_POSITION [ RunTime:0.002000s ]
[ 2018-09-21T15:18:46+08:00 ][ sql ] [ DB ] CONNECT:[ UseTime:0.011001s ] mysql:host=127.0.0.1;dbname=leqiubaobeipc;charset=utf8
[ 2018-09-21T15:18:46+08:00 ][ sql ] [ SQL ] SHOW COLUMNS FROM `fa_auth_rule` [ RunTime:0.002000s ]
[ 2018-09-21T15:18:46+08:00 ][ sql ] [ SQL ] SELECT * FROM `fa_auth_rule` WHERE  `name` = 'page' LIMIT 1 [ RunTime:0.001000s ]
[ 2018-09-21T15:18:46+08:00 ][ sql ] [ SQL ] INSERT INTO `fa_auth_rule` (`pid` , `name` , `title` , `icon` , `remark` , `ismenu` , `status` , `createtime` , `updatetime`) VALUES (0 , 'page' , '单页管理' , 'fa fa-circle-o' , '' , 1 , 'normal' , 1537514326 , 1537514326) [ RunTime:0.065004s ]
[ 2018-09-21T15:18:46+08:00 ][ sql ] [ SQL ] SELECT `id` FROM `fa_auth_rule` WHERE  `name` = 'page/index' LIMIT 1 [ RunTime:0.002001s ]
[ 2018-09-21T15:18:46+08:00 ][ sql ] [ SQL ] SELECT `id` FROM `fa_auth_rule` WHERE  `name` = 'page/add' LIMIT 1 [ RunTime:0.002000s ]
[ 2018-09-21T15:18:46+08:00 ][ sql ] [ SQL ] SELECT `id` FROM `fa_auth_rule` WHERE  `name` = 'page/edit' LIMIT 1 [ RunTime:0.002000s ]
[ 2018-09-21T15:18:46+08:00 ][ sql ] [ SQL ] SELECT `id` FROM `fa_auth_rule` WHERE  `name` = 'page/del' LIMIT 1 [ RunTime:0.002000s ]
[ 2018-09-21T15:18:46+08:00 ][ sql ] [ SQL ] SELECT `id` FROM `fa_auth_rule` WHERE  `name` = 'page/multi' LIMIT 1 [ RunTime:0.001000s ]
[ 2018-09-21T15:18:46+08:00 ][ sql ] [ SQL ] INSERT INTO `fa_auth_rule` (`id` , `pid` , `name` , `icon` , `title` , `ismenu` , `status` , `createtime` , `updatetime`) VALUES (NULL , 104 , 'page/index' , 'fa fa-circle-o' , '查看' , 0 , 'normal' , 1537514326 , 1537514326) [ RunTime:0.002000s ]
[ 2018-09-21T15:18:46+08:00 ][ sql ] [ SQL ] INSERT INTO `fa_auth_rule` (`id` , `pid` , `name` , `icon` , `title` , `ismenu` , `status` , `createtime` , `updatetime`) VALUES (NULL , 104 , 'page/add' , 'fa fa-circle-o' , '添加' , 0 , 'normal' , 1537514326 , 1537514326) [ RunTime:0.001000s ]
[ 2018-09-21T15:18:46+08:00 ][ sql ] [ SQL ] INSERT INTO `fa_auth_rule` (`id` , `pid` , `name` , `icon` , `title` , `ismenu` , `status` , `createtime` , `updatetime`) VALUES (NULL , 104 , 'page/edit' , 'fa fa-circle-o' , '编辑' , 0 , 'normal' , 1537514326 , 1537514326) [ RunTime:0.000000s ]
[ 2018-09-21T15:18:46+08:00 ][ sql ] [ SQL ] INSERT INTO `fa_auth_rule` (`id` , `pid` , `name` , `icon` , `title` , `ismenu` , `status` , `createtime` , `updatetime`) VALUES (NULL , 104 , 'page/del' , 'fa fa-circle-o' , '删除' , 0 , 'normal' , 1537514326 , 1537514326) [ RunTime:0.002001s ]
[ 2018-09-21T15:18:46+08:00 ][ sql ] [ SQL ] INSERT INTO `fa_auth_rule` (`id` , `pid` , `name` , `icon` , `title` , `ismenu` , `status` , `createtime` , `updatetime`) VALUES (NULL , 104 , 'page/multi' , 'fa fa-circle-o' , '批量更新' , 0 , 'normal' , 1537514326 , 1537514326) [ RunTime:0.001000s ]
[ 2018-09-21T15:48:14+08:00 ][ sql ] [ DB ] CONNECT:[ UseTime:0.009001s ] mysql:host=127.0.0.1;dbname=leqiubaobeipc;charset=utf8
[ 2018-09-21T15:48:14+08:00 ][ sql ] [ SQL ] SHOW TABLE STATUS LIKE 'music' [ RunTime:0.002000s ]
[ 2018-09-21T15:48:14+08:00 ][ sql ] [ SQL ] SHOW TABLE STATUS LIKE 'fa_music' [ RunTime:0.002000s ]
[ 2018-09-21T15:48:14+08:00 ][ sql ] [ SQL ] SELECT * FROM `information_schema`.`columns` WHERE TABLE_SCHEMA = 'leqiubaobeipc' AND table_name = 'fa_music' ORDER BY ORDINAL_POSITION [ RunTime:0.001000s ]
[ 2018-09-21T15:48:21+08:00 ][ sql ] [ DB ] CONNECT:[ UseTime:0.011001s ] mysql:host=127.0.0.1;dbname=leqiubaobeipc;charset=utf8
[ 2018-09-21T15:48:21+08:00 ][ sql ] [ SQL ] SHOW COLUMNS FROM `fa_auth_rule` [ RunTime:0.001000s ]
[ 2018-09-21T15:48:21+08:00 ][ sql ] [ SQL ] SELECT * FROM `fa_auth_rule` WHERE  `name` = 'music' LIMIT 1 [ RunTime:0.001000s ]
[ 2018-09-21T15:48:21+08:00 ][ sql ] [ SQL ] INSERT INTO `fa_auth_rule` (`pid` , `name` , `title` , `icon` , `remark` , `ismenu` , `status` , `createtime` , `updatetime`) VALUES (0 , 'music' , '音乐课堂' , 'fa fa-music' , '' , 1 , 'normal' , 1537516101 , 1537516101) [ RunTime:0.065004s ]
[ 2018-09-21T15:48:21+08:00 ][ sql ] [ SQL ] SELECT `id` FROM `fa_auth_rule` WHERE  `name` = 'music/index' LIMIT 1 [ RunTime:0.001000s ]
[ 2018-09-21T15:48:21+08:00 ][ sql ] [ SQL ] SELECT `id` FROM `fa_auth_rule` WHERE  `name` = 'music/add' LIMIT 1 [ RunTime:0.001000s ]
[ 2018-09-21T15:48:21+08:00 ][ sql ] [ SQL ] SELECT `id` FROM `fa_auth_rule` WHERE  `name` = 'music/edit' LIMIT 1 [ RunTime:0.001001s ]
[ 2018-09-21T15:48:21+08:00 ][ sql ] [ SQL ] SELECT `id` FROM `fa_auth_rule` WHERE  `name` = 'music/del' LIMIT 1 [ RunTime:0.002000s ]
[ 2018-09-21T15:48:21+08:00 ][ sql ] [ SQL ] SELECT `id` FROM `fa_auth_rule` WHERE  `name` = 'music/multi' LIMIT 1 [ RunTime:0.001000s ]
[ 2018-09-21T15:48:21+08:00 ][ sql ] [ SQL ] INSERT INTO `fa_auth_rule` (`id` , `pid` , `name` , `icon` , `title` , `ismenu` , `status` , `createtime` , `updatetime`) VALUES (NULL , 110 , 'music/index' , 'fa fa-circle-o' , '查看' , 0 , 'normal' , 1537516101 , 1537516101) [ RunTime:0.001000s ]
[ 2018-09-21T15:48:21+08:00 ][ sql ] [ SQL ] INSERT INTO `fa_auth_rule` (`id` , `pid` , `name` , `icon` , `title` , `ismenu` , `status` , `createtime` , `updatetime`) VALUES (NULL , 110 , 'music/add' , 'fa fa-circle-o' , '添加' , 0 , 'normal' , 1537516101 , 1537516101) [ RunTime:0.001000s ]
[ 2018-09-21T15:48:21+08:00 ][ sql ] [ SQL ] INSERT INTO `fa_auth_rule` (`id` , `pid` , `name` , `icon` , `title` , `ismenu` , `status` , `createtime` , `updatetime`) VALUES (NULL , 110 , 'music/edit' , 'fa fa-circle-o' , '编辑' , 0 , 'normal' , 1537516101 , 1537516101) [ RunTime:0.001000s ]
[ 2018-09-21T15:48:21+08:00 ][ sql ] [ SQL ] INSERT INTO `fa_auth_rule` (`id` , `pid` , `name` , `icon` , `title` , `ismenu` , `status` , `createtime` , `updatetime`) VALUES (NULL , 110 , 'music/del' , 'fa fa-circle-o' , '删除' , 0 , 'normal' , 1537516101 , 1537516101) [ RunTime:0.001000s ]
[ 2018-09-21T15:48:21+08:00 ][ sql ] [ SQL ] INSERT INTO `fa_auth_rule` (`id` , `pid` , `name` , `icon` , `title` , `ismenu` , `status` , `createtime` , `updatetime`) VALUES (NULL , 110 , 'music/multi' , 'fa fa-circle-o' , '批量更新' , 0 , 'normal' , 1537516101 , 1537516101) [ RunTime:0.001000s ]
[ 2018-09-21T16:00:07+08:00 ][ sql ] [ DB ] CONNECT:[ UseTime:0.010001s ] mysql:host=127.0.0.1;dbname=leqiubaobeipc;charset=utf8
[ 2018-09-21T16:00:07+08:00 ][ sql ] [ SQL ] SHOW TABLE STATUS LIKE 'team' [ RunTime:0.004000s ]
[ 2018-09-21T16:00:07+08:00 ][ sql ] [ SQL ] SHOW TABLE STATUS LIKE 'fa_team' [ RunTime:0.003001s ]
[ 2018-09-21T16:00:07+08:00 ][ sql ] [ SQL ] SELECT * FROM `information_schema`.`columns` WHERE TABLE_SCHEMA = 'leqiubaobeipc' AND table_name = 'fa_team' ORDER BY ORDINAL_POSITION [ RunTime:0.002000s ]
[ 2018-09-21T16:00:35+08:00 ][ sql ] [ DB ] CONNECT:[ UseTime:0.010000s ] mysql:host=127.0.0.1;dbname=leqiubaobeipc;charset=utf8
[ 2018-09-21T16:00:35+08:00 ][ sql ] [ SQL ] SHOW COLUMNS FROM `fa_auth_rule` [ RunTime:0.002000s ]
[ 2018-09-21T16:00:35+08:00 ][ sql ] [ SQL ] SELECT * FROM `fa_auth_rule` WHERE  `name` = 'team' LIMIT 1 [ RunTime:0.002000s ]
[ 2018-09-21T16:00:35+08:00 ][ sql ] [ SQL ] INSERT INTO `fa_auth_rule` (`pid` , `name` , `title` , `icon` , `remark` , `ismenu` , `status` , `createtime` , `updatetime`) VALUES (0 , 'team' , 'Team' , 'fa fa-circle-o' , '' , 1 , 'normal' , 1537516835 , 1537516835) [ RunTime:0.032002s ]
[ 2018-09-21T16:00:35+08:00 ][ sql ] [ SQL ] SELECT `id` FROM `fa_auth_rule` WHERE  `name` = 'team/index' LIMIT 1 [ RunTime:0.001000s ]
[ 2018-09-21T16:00:35+08:00 ][ sql ] [ SQL ] SELECT `id` FROM `fa_auth_rule` WHERE  `name` = 'team/add' LIMIT 1 [ RunTime:0.001000s ]
[ 2018-09-21T16:00:35+08:00 ][ sql ] [ SQL ] SELECT `id` FROM `fa_auth_rule` WHERE  `name` = 'team/edit' LIMIT 1 [ RunTime:0.001000s ]
[ 2018-09-21T16:00:35+08:00 ][ sql ] [ SQL ] SELECT `id` FROM `fa_auth_rule` WHERE  `name` = 'team/del' LIMIT 1 [ RunTime:0.001000s ]
[ 2018-09-21T16:00:35+08:00 ][ sql ] [ SQL ] SELECT `id` FROM `fa_auth_rule` WHERE  `name` = 'team/multi' LIMIT 1 [ RunTime:0.001001s ]
[ 2018-09-21T16:00:35+08:00 ][ sql ] [ SQL ] INSERT INTO `fa_auth_rule` (`id` , `pid` , `name` , `icon` , `title` , `ismenu` , `status` , `createtime` , `updatetime`) VALUES (NULL , 116 , 'team/index' , 'fa fa-circle-o' , '查看' , 0 , 'normal' , 1537516835 , 1537516835) [ RunTime:0.001000s ]
[ 2018-09-21T16:00:35+08:00 ][ sql ] [ SQL ] INSERT INTO `fa_auth_rule` (`id` , `pid` , `name` , `icon` , `title` , `ismenu` , `status` , `createtime` , `updatetime`) VALUES (NULL , 116 , 'team/add' , 'fa fa-circle-o' , '添加' , 0 , 'normal' , 1537516835 , 1537516835) [ RunTime:0.000000s ]
[ 2018-09-21T16:00:35+08:00 ][ sql ] [ SQL ] INSERT INTO `fa_auth_rule` (`id` , `pid` , `name` , `icon` , `title` , `ismenu` , `status` , `createtime` , `updatetime`) VALUES (NULL , 116 , 'team/edit' , 'fa fa-circle-o' , '编辑' , 0 , 'normal' , 1537516835 , 1537516835) [ RunTime:0.000000s ]
[ 2018-09-21T16:00:35+08:00 ][ sql ] [ SQL ] INSERT INTO `fa_auth_rule` (`id` , `pid` , `name` , `icon` , `title` , `ismenu` , `status` , `createtime` , `updatetime`) VALUES (NULL , 116 , 'team/del' , 'fa fa-circle-o' , '删除' , 0 , 'normal' , 1537516835 , 1537516835) [ RunTime:0.000000s ]
[ 2018-09-21T16:00:35+08:00 ][ sql ] [ SQL ] INSERT INTO `fa_auth_rule` (`id` , `pid` , `name` , `icon` , `title` , `ismenu` , `status` , `createtime` , `updatetime`) VALUES (NULL , 116 , 'team/multi' , 'fa fa-circle-o' , '批量更新' , 0 , 'normal' , 1537516835 , 1537516835) [ RunTime:0.001000s ]
