---------------------------------------------------------------
[ 2018-09-26T15:25:26+08:00 ] 127.0.0.1 GET /
[ info ] leqiubaobeipc.localhost.com/ [运行时间：0.527030s][吞吐率：1.90req/s] [内存消耗：4,463.29kb] [文件加载：67]
[ info ] [ BEHAVIOR ] Run Closure @app_init [ RunTime:0.000000s ]
[ info ] [ CACHE ] INIT File
[ info ] [ BEHAVIOR ] Run Closure @app_init [ RunTime:0.063003s ]
[ info ] [ LANG ] E:\PHPTools\www\leqiubaobeipc\thinkphp\lang\zh-cn.php
[ info ] [ ROUTE ] array (
  'type' => 'module',
  'module' => 
  array (
    0 => '',
    1 => NULL,
    2 => NULL,
  ),
)
[ info ] [ HEADER ] array (
  'host' => 'leqiubaobeipc.localhost.com',
  'connection' => 'keep-alive',
  'upgrade-insecure-requests' => '1',
  'user-agent' => 'Mozilla/5.0 (Windows NT 6.1; Win64; x64) AppleWebKit/537.36 (KHTML, like Gecko) Chrome/68.0.3440.106 Safari/537.36',
  'accept' => 'text/html,application/xhtml+xml,application/xml;q=0.9,image/webp,image/apng,*/*;q=0.8',
  'accept-encoding' => 'gzip, deflate',
  'accept-language' => 'zh-CN,zh;q=0.9',
  'cookie' => 'PHPSESSID=325lkq2ethu3c76olsb6vtfpr5; yindao=1; UM_distinctid=1660e82c222ca-0999cafe39bc2-323b5b03-100200-1660e82c2271da',
)
[ info ] [ PARAM ] array (
)
[ info ] [ LANG ] E:\PHPTools\www\leqiubaobeipc\public/../application/index\lang\zh-cn.php
[ info ] [ BEHAVIOR ] Run app\common\behavior\Common @module_init [ RunTime:0.023001s ]
[ info ] [ LANG ] E:\PHPTools\www\leqiubaobeipc\public/../application/index/lang/zh-cn/index.php
[ info ] [ RUN ] app\index\controller\Index->index[ E:\PHPTools\www\leqiubaobeipc\application\index\controller\Index.php ]
[ info ] [ VIEW ] E:\PHPTools\www\leqiubaobeipc\public/../application/index\view\index\index.html [ array (
  0 => 'user',
  1 => 'site',
  2 => 'config',
) ]
[ info ] [ LOG ] INIT File
---------------------------------------------------------------
[ 2018-09-26T15:25:27+08:00 ] 127.0.0.1 GET /favicon.ico
[ info ] leqiubaobeipc.localhost.com/favicon.ico [运行时间：0.124007s][吞吐率：8.06req/s] [内存消耗：2,704.41kb] [文件加载：50]
[ info ] [ BEHAVIOR ] Run Closure @app_init [ RunTime:0.000000s ]
[ info ] [ CACHE ] INIT File
[ info ] [ BEHAVIOR ] Run Closure @app_init [ RunTime:0.011001s ]
[ info ] [ LANG ] E:\PHPTools\www\leqiubaobeipc\thinkphp\lang\zh-cn.php
[ info ] [ ROUTE ] array (
  'type' => 'module',
  'module' => 
  array (
    0 => 'favicon.ico',
    1 => NULL,
    2 => NULL,
  ),
)
[ info ] [ HEADER ] array (
  'host' => 'leqiubaobeipc.localhost.com',
  'connection' => 'keep-alive',
  'user-agent' => 'Mozilla/5.0 (Windows NT 6.1; Win64; x64) AppleWebKit/537.36 (KHTML, like Gecko) Chrome/68.0.3440.106 Safari/537.36',
  'accept' => 'image/webp,image/apng,image/*,*/*;q=0.8',
  'referer' => 'http://leqiubaobeipc.localhost.com/',
  'accept-encoding' => 'gzip, deflate',
  'accept-language' => 'zh-CN,zh;q=0.9',
  'cookie' => 'PHPSESSID=325lkq2ethu3c76olsb6vtfpr5; yindao=1; UM_distinctid=1660e82c222ca-0999cafe39bc2-323b5b03-100200-1660e82c2271da; Hm_lvt_f8d0a8c400404989e195270b0bbf060a=1537946728; Hm_lpvt_f8d0a8c400404989e195270b0bbf060a=1537946728',
)
[ info ] [ PARAM ] array (
)
[ info ] [ LOG ] INIT File
